<?xml version="1.0" encoding="UTF-8"?>
<testsuite name="services.impl.ValidatorServiceImplTest" tests="2" skipped="0" failures="0" errors="0" timestamp="2022-01-26T23:38:48" hostname="Rashads-MacBook-Pro-2.local" time="0.027">
  <properties/>
  <testcase name="validateShouldReturnFalse()" classname="services.impl.ValidatorServiceImplTest" time="0.026"/>
  <testcase name="validateShouldReturnTrue()" classname="services.impl.ValidatorServiceImplTest" time="0.0"/>
  <system-out><![CDATA[]]></system-out>
  <system-err><![CDATA[]]></system-err>
</testsuite>
